Loading CSV/JSON inputs from /home/jruffle/Downloads/radiologist_enhancement_rct/data/source_data/figure_6/csv...

Median additional radiologist experience leveraged by model (paragraph 118):
  Equivalent years gained: 6.0 years (IQR 4.3 - 11.2)
  AI-leveraged staff value: £696,176 (IQR £557,885 - £1,458,254)
  Restored RNG state from figure_6_rng_state.json

Model Equivalent Experience Calculation:
Baseline accuracy-experience relationship: accuracy = 0.6442 + 0.0040 * years
Model accuracy (without support, from nested CV grid search):
  Accuracy: 0.8236 (n=1100 radiology-case pairs)
  (Using nested CV grid search results for consistency with Figure 1)
Model accuracy (with radiologist support, from nested CV grid search):
  Accuracy: 0.8418 (n=1100 radiology-case pairs)
  (Using nested CV grid search results for consistency with Figure 1)
Accuracy change: 0.8236 -> 0.8418 (diff: +0.0182)
Model accuracy without support: 0.8236 -> 45.0 equivalent years
Model accuracy with support: 0.8418 -> 49.6 equivalent years
Model equivalent years gained: 4.6 years
Model cumulative cost: £5,566,135
Model AI-leveraged value: £637,715  (rounded to nearest £1,000 for paragraph 120: £638,000)
Model total value (paragraph 120): £6,203,850 (rounded to nearest £1,000: £6,204,000)

GPU training time (paragraph 118):
  Total training:   2001.6 hours (83.4 days)
  Per-fold (5-fold): 400.3 hours/fold (16.7 days/fold)
  Estimated cost:    £4,804  (rounded to nearest £1,000: £5,000)

Median staff experience with vs without model support (paragraph 118):

STAFF EXPERIENCE:
  WITHOUT model support: 11.0 years (IQR 7.5 - 19.5)
  WITH model support:    24.3 years (IQR 14.6 - 27.3)
  WITHOUT model support, hours-equivalent: ~22,000 hours (IQR 15000 - 39000)  [paragraph 118: ~22000 hours]
  Paired t-test: t(10) = -3.921, p = 0.002864
  Significance: p < 0.01 (**)

STAFF FINANCIAL VALUE:
  WITHOUT model support: £943,307 (IQR £549,053 - £2,013,008)
  WITH model support:    £2,668,256 (IQR £1,374,268 - £3,093,391)
  Paired t-test: t(10) = -3.910, p = 0.002912
  Significance: p < 0.01 (**)

Model metrics for panels e, f, g (from nested CV grid search, n=1100 pairs):
  Accuracy: 0.8236
  Precision: 0.7713
  Recall: 0.9200
  Specificity: 0.7273
  F1: 0.8391

Calculating model confidence metrics...
Total unique cases to process: 564
Loaded probability maps: 564/564 (from pre-computed CSV)
Processing confidence for 2200 radiologist-case reviews
Model without support - Conf-Acc Corr: -0.078
Model without support - Calibration Diff: -0.112
Model without support - Confidence Bias: -0.189
Model without support - N reviews: 2200
Model with support - Conf-Acc Corr: 0.272
Model with support - Calibration Diff: 0.276
Model with support - Confidence Bias: 1.868

Bootstrap 95% CIs for Model AI-arm confidence metrics (B=5000, seed=20260505):
  Model alone           Conf-Acc Corr: -0.078 [-0.087, -0.069]
  Model alone           Calibration Diff: -0.112 [-0.140, -0.074]
  Model alone           Confidence Bias: -0.189 [-0.238, -0.144]
  Model with rad        Conf-Acc Corr: +0.272 [+0.211, +0.332]
  Model with rad        Calibration Diff: +0.276 [+0.218, +0.345]
  Model with rad        Confidence Bias: +1.868 [+1.467, +2.270]

Reader-level bootstrap 95% CIs for radiologist confidence metrics:
  Radiologist alone             conf_acc_corr       +0.188 ± 0.093 [+0.138, +0.241]
  Radiologist alone             calibration_diff    +0.180 ± 0.122 [+0.111, +0.246]
  Radiologist alone             confidence_bias     +0.700 ± 0.396 [+0.491, +0.929]
  Radiologist with model        conf_acc_corr       +0.337 ± 0.127 [+0.267, +0.407]
  Radiologist with model        calibration_diff    +0.339 ± 0.126 [+0.272, +0.411]
  Radiologist with model        confidence_bias     +1.420 ± 0.864 [+0.970, +1.927]

Δ values (Table 1 rows 9, 10 cols 5 [Δ Human] and 7 [Δ AI]):
  Δ Human  Confidence-accuracy correlation     +0.148 [+0.083, +0.221]
  Δ AI     Confidence-accuracy correlation     +0.350
  Δ Human  Calibration difference              +0.159 [+0.079, +0.274]
  Δ AI     Calibration difference              +0.388

Radiologist confidence by correctness, per arm (paragraph 125):
  CORRECT   without model: 7.09 ± 1.89  (n=768)
  CORRECT   with model:    7.61 ± 1.80  (n=817)  ttest_ind p=1.89513e-08
  INCORRECT without model: 6.39 ± 1.92  (n=332)
  INCORRECT with model:    6.12 ± 1.88  (n=283)  ttest_ind p=0.0823534  (paragraph 125: p=0.082, ns)
  Paired t-test (n=206 pairs): T=2.060, p=0.040651
  Using PAIRED t-test p-value for significance markers
  Paired t-test (n=691 pairs): T=-8.714, p=0.000000
  Using PAIRED t-test p-value for significance markers

Model confidence by correctness (paragraph 127, panel i):

Model Incorrect predictions:
  Number of cases without support: 388
  Number of cases with support: 174
  Without support mean: 10.000 ± 0.000  (paragraph 127: 10.00 ± 0.00)
  With support mean: 6.238 ± 2.427  (paragraph 127: 6.24 ± 2.43)
  T-statistic: 30.480
  P-value: 0.000000

Model Correct predictions:
  Number of cases without support: 1812
  Number of cases with support: 926
  Without support mean: 9.811 ± 1.019  (paragraph 127: 9.81 ± 1.02)
  With support mean: 8.105 ± 2.408  (paragraph 127: 8.11 ± 2.41)
  T-statistic: 25.932
  P-value: 0.000000

Optimal-quadrant thresholds (median split — paragraph 127):
  X-axis (conf_acc_corr):    0.246
  Y-axis (calibration_diff): 0.243

Optimal-quadrant counts:
  Without support: 2/12 (16.7%)
  With support:    9/12 (75.0%)
  Agents moving into optimal: 7
Quadrant placement (including Model, excluding R mean):
  Model WITHOUT in optimal quadrant: False
  Model WITH in optimal quadrant: True

  Model WITH support quadrant analysis:
    X-axis (conf_acc_corr): 0.272 ≥ 50th percentile/median (0.246)
    Y-axis (calibration_diff): 0.276 ≥ 50th percentile/median (0.243)
    Model is in TOP RIGHT quadrant (IDEAL: Higher self-awareness, Higher calibration)

Fisher's exact test — panel h optimal-calibration quadrant (paragraph 127):
  Without model: 2/12 (16.7%) in optimal quadrant
  With model:    9/12 (75.0%) in optimal quadrant
  Odds ratio = 15.000, 95% CI [2.02, 111.18], p = 0.0123
Fig_6 saved to: /home/jruffle/Downloads/radiologist_enhancement_rct/data/figures/Fig_6.png

Figure 6 saved to /home/jruffle/Downloads/radiologist_enhancement_rct/data/figures/Fig_6.png
