Run started: 2026-05-12T14:32:15Z
Script:      code/tables/supplementary_table_3.py
Host CPUs:   128
----
──────────────────────────────────────────────────────────────────────────────
Supplementary Table 3: Patient-sex disaggregation of agent performance
──────────────────────────────────────────────────────────────────────────────
Sex metadata available for 82 cases (Female 37, Male 45)
  Coverage of 564-case radiologist subset: 82/564 (14.5%)

Agent        Condition                    Sex         N  TP  FP  TN  FN     Acc BalAcc  AUROC  AUPRC   Sens   Spec   Prec     F1
Radiologist  Radiologist (Without model)  Female     66  33  19  11   3   0.667  0.642  0.713  0.758  0.917  0.367  0.635  0.750
Radiologist  Radiologist (Without model)  Male       70  49  12   6   3   0.786  0.638  0.771  0.872  0.942  0.333  0.803  0.867
Radiologist  Radiologist (With model)     Female     66  34  19  11   2   0.682  0.656  0.859  0.887  0.944  0.367  0.642  0.764
Radiologist  Radiologist (With model)     Male       70  48  12   6   4   0.771  0.628  0.854  0.936  0.923  0.333  0.800  0.857
Model        Model (Without radiologist)  Female     37  29   0   7   1   0.973  0.983  0.971  0.994  0.967  1.000  1.000  0.983
Model        Model (Without radiologist)  Male       45  37   1   3   4   0.889  0.826  0.939  0.994  0.902  0.750  0.974  0.937
Model        Model (With radiologist)     Female     37  29   0   7   1   0.973  0.983  0.971  0.994  0.967  1.000  1.000  0.983
Model        Model (With radiologist)     Male       45  37   0   4   4   0.911  0.951  0.945  0.995  0.902  1.000  1.000  0.949
──────────────────────────────────────────────────────────────────────────────

Saved: /home/jruffle/Downloads/radiologist_enhancement_rct/data/source_data/supplementary_table_3/csv/supplementary_table_3.csv
----
Run ended:   2026-05-12T14:32:15Z
Wall clock:  0.6s
